e:\ben\documents\visual studio 2013\projects\tower defense\tower defense\debug\vc120.pdb
e:\ben\documents\visual studio 2013\projects\tower defense\tower defense\debug\vc120.idb
e:\ben\documents\visual studio 2013\projects\tower defense\tower defense\debug\gamescene.obj
e:\ben\documents\visual studio 2013\projects\tower defense\tower defense\debug\animation.obj
e:\ben\documents\visual studio 2013\projects\tower defense\tower defense\debug\graphics.obj
e:\ben\documents\visual studio 2013\projects\tower defense\tower defense\debug\texture.obj
e:\ben\documents\visual studio 2013\projects\tower defense\tower defense\debug\input.obj
e:\ben\documents\visual studio 2013\projects\tower defense\tower defense\debug\main.obj
e:\ben\documents\visual studio 2013\projects\tower defense\tower defense\debug\math.obj
e:\ben\documents\visual studio 2013\projects\tower defense\tower defense\debug\rect.obj
e:\ben\documents\visual studio 2013\projects\tower defense\tower defense\debug\vec2.obj
e:\ben\documents\visual studio 2013\projects\tower defense\tower defense\debug\entity.obj
e:\ben\documents\visual studio 2013\projects\tower defense\tower defense\debug\scene.obj
e:\ben\documents\visual studio 2013\projects\tower defense\tower defense\debug\world.obj
e:\ben\documents\visual studio 2013\projects\tower defense\tower defense\debug\map.obj
e:\ben\documents\visual studio 2013\projects\tower defense\tower defense\debug\creep.obj
e:\ben\documents\visual studio 2013\projects\tower defense\tower defense\debug\bunny.obj
e:\ben\documents\visual studio 2013\projects\tower defense\debug\tower defense.ilk
e:\ben\documents\visual studio 2013\projects\tower defense\debug\tower defense.exe
e:\ben\documents\visual studio 2013\projects\tower defense\debug\tower defense.pdb
e:\ben\documents\visual studio 2013\projects\tower defense\tower defense\debug\tower defense.tlog\cl.command.1.tlog
e:\ben\documents\visual studio 2013\projects\tower defense\tower defense\debug\tower defense.tlog\cl.read.1.tlog
e:\ben\documents\visual studio 2013\projects\tower defense\tower defense\debug\tower defense.tlog\cl.write.1.tlog
e:\ben\documents\visual studio 2013\projects\tower defense\tower defense\debug\tower defense.tlog\link.command.1.tlog
e:\ben\documents\visual studio 2013\projects\tower defense\tower defense\debug\tower defense.tlog\link.read.1.tlog
e:\ben\documents\visual studio 2013\projects\tower defense\tower defense\debug\tower defense.tlog\link.write.1.tlog
